<?xml version="1.0" encoding="UTF-8"?>
<testng-results ignored="0" total="1" passed="1" failed="0" skipped="0">
  <reporter-output>
  </reporter-output>
  <suite started-at="2021-11-16T10:35:52Z" name="Default suite" finished-at="2021-11-16T10:35:56Z" duration-ms="4515">
    <groups>
    </groups>
    <test started-at="2021-11-16T10:35:52Z" name="Default test" finished-at="2021-11-16T10:35:56Z" duration-ms="4515">
      <class name="webdriver.Topic_User_Interaction_1">
        <test-method is-config="true" signature="beforeClass()[pri:0, instance:webdriver.Topic_User_Interaction_1@74e52ef6]" started-at="2021-11-16T10:35:52Z" name="beforeClass" finished-at="2021-11-16T10:35:54Z" duration-ms="1903" status="PASS">
          <reporter-output>
          </reporter-output>
        </test-method> <!-- beforeClass -->
        <test-method signature="TC_03_Double_Click()[pri:0, instance:webdriver.Topic_User_Interaction_1@74e52ef6]" started-at="2021-11-16T10:35:54Z" name="TC_03_Double_Click" finished-at="2021-11-16T10:35:56Z" duration-ms="2024" status="PASS">
          <reporter-output>
          </reporter-output>
        </test-method> <!-- TC_03_Double_Click -->
        <test-method is-config="true" signature="afterClass()[pri:0, instance:webdriver.Topic_User_Interaction_1@74e52ef6]" started-at="2021-11-16T10:35:56Z" name="afterClass" finished-at="2021-11-16T10:35:56Z" duration-ms="579" status="PASS">
          <reporter-output>
          </reporter-output>
        </test-method> <!-- afterClass -->
      </class> <!-- webdriver.Topic_User_Interaction_1 -->
    </test> <!-- Default test -->
  </suite> <!-- Default suite -->
</testng-results>
